\BOOKMARK [1][-]{chapter*.2}{Agradecimientos}{}% 1
\BOOKMARK [1][-]{chapter*.3}{Pr\363logo}{}% 2
\BOOKMARK [0][-]{chapter*.4}{Introducci\363n general}{}% 3
\BOOKMARK [1][-]{section.0.1}{Fuerzas evolutivas}{chapter*.4}% 4
\BOOKMARK [1][-]{section.0.2}{\277C\363mo se miden las fuerzas evolutivas?}{chapter*.4}% 5
\BOOKMARK [1][-]{section.0.3}{La mitocondria y la evoluci\363n de su genoma}{chapter*.4}% 6
\BOOKMARK [1][-]{section.0.4}{Presi\363n selectiva que afecta a las prote\355nas de la cadena respiratoria}{chapter*.4}% 7
\BOOKMARK [1][-]{section.0.5}{Evoluci\363n de residuos implicados en contactos intermoleculares}{chapter*.4}% 8
\BOOKMARK [0][-]{chapter.1}{Fuerzas adaptativas sobre el contenido de metionina en mtDNA}{}% 9
\BOOKMARK [1][-]{section.1.1}{Resumen}{chapter.1}% 10
\BOOKMARK [1][-]{section.1.2}{Introducci\363n}{chapter.1}% 11
\BOOKMARK [1][-]{section.1.3}{Objetivos}{chapter.1}% 12
\BOOKMARK [1][-]{section.1.4}{Material y m\351todos}{chapter.1}% 13
\BOOKMARK [2][-]{subsection.1.4.1}{Datos}{section.1.4}% 14
\BOOKMARK [2][-]{subsection.1.4.2}{Modelado computacional}{section.1.4}% 15
\BOOKMARK [2][-]{subsection.1.4.3}{Tratamiento estad\355stico}{section.1.4}% 16
\BOOKMARK [1][-]{section.1.5}{Resultados}{chapter.1}% 17
\BOOKMARK [2][-]{subsection.1.5.1}{Existe correlaci\363n entre longevidad y frecuencia nucleot\355dica}{section.1.5}% 18
\BOOKMARK [2][-]{subsection.1.5.2}{La composici\363n nucleot\355dica influye en el contenido de Thr y Met}{section.1.5}% 19
\BOOKMARK [2][-]{subsection.1.5.3}{El contenido de ciste\355na, metionina y treonina en las prote\355nas codificadas por mtDNA est\341 sometido a distintas fuerzas evolutivas}{section.1.5}% 20
\BOOKMARK [2][-]{subsection.1.5.4}{El an\341lisis estad\355stico de las diferencias entre las secuencias reales y barajadas revela que el contenido de metionina est\341 sometido a selecci\363n positiva}{section.1.5}% 21
\BOOKMARK [2][-]{subsection.1.5.5}{Existe una correlaci\363n entre la adici\363n de metionina \(Met\) y la longevidad}{section.1.5}% 22
\BOOKMARK [1][-]{section.1.6}{Discusi\363n}{chapter.1}% 23
\BOOKMARK [2][-]{subsection.1.6.1}{Una nueva aproximaci\363n al estudio de la influencia del sesgo mutacional sobre la frecuencia de amino\341cidos}{section.1.6}% 24
\BOOKMARK [2][-]{subsection.1.6.2}{La ciste\355na es excluida de las prote\355nas, pero la variaci\363n en de su abundancia no depende de la longevidad}{section.1.6}% 25
\BOOKMARK [2][-]{subsection.1.6.3}{La variaci\363n del contenido de treonina est\341 influenciada exclusivamente por el sesgo mutacional}{section.1.6}% 26
\BOOKMARK [2][-]{subsection.1.6.4}{La variaci\363n del contenido de metionina est\341 impulsada por mecanismos selectivos adem\341s del sesgo mutacional}{section.1.6}% 27
\BOOKMARK [2][-]{subsection.1.6.5}{Los animales m\341s longevos incorporan m\341s metioninas en sus prote\355nas de lo esperado por la composici\363n nucleot\355dica de sus genes}{section.1.6}% 28
\BOOKMARK [2][-]{subsection.1.6.6}{La ausencia de correlaci\363n entre longevidad y Cys y Thr se explica por distintas causas}{section.1.6}% 29
\BOOKMARK [2][-]{subsection.1.6.7}{No se observa selecci\363n purificadora en contra de la metionina en animales de vida larga, sino una presi\363n adaptativa en animales de vida corta}{section.1.6}% 30
\BOOKMARK [2][-]{subsection.1.6.8}{La abundancia de metionina en prote\355nas puede estar determinada por un compromiso entre su capacidad de eliminar ROS y el efecto nocivo de su oxidaci\363n}{section.1.6}% 31
\BOOKMARK [1][-]{section.1.7}{Conclusiones}{chapter.1}% 32
\BOOKMARK [0][-]{chapter.2}{Din\341mica evolutiva de citocromo b y COX 1}{}% 33
\BOOKMARK [1][-]{section.2.1}{Resumen}{chapter.2}% 34
\BOOKMARK [1][-]{section.2.2}{Introducci\363n}{chapter.2}% 35
\BOOKMARK [1][-]{section.2.3}{Objetivos}{chapter.2}% 36
\BOOKMARK [1][-]{section.2.4}{Material y m\351todos}{chapter.2}% 37
\BOOKMARK [2][-]{subsection.2.4.1}{Datos y modelado molecular}{section.2.4}% 38
\BOOKMARK [2][-]{subsection.2.4.2}{Determinaci\363n de las posiciones enterradas y expuestas}{section.2.4}% 39
\BOOKMARK [2][-]{subsection.2.4.3}{Determinaci\363n de la entrop\355a de Shannon}{section.2.4}% 40
\BOOKMARK [2][-]{subsection.2.4.4}{Clasificaci\363n de posiciones en base a sus valores de entrop\355a de Shannon}{section.2.4}% 41
\BOOKMARK [2][-]{subsection.2.4.5}{C\341lculo de tasas de sustituciones}{section.2.4}% 42
\BOOKMARK [2][-]{subsection.2.4.6}{An\341lisis de la estabilidad termodin\341mica}{section.2.4}% 43
\BOOKMARK [2][-]{subsection.2.4.7}{An\341lisis estad\355sticos}{section.2.4}% 44
\BOOKMARK [1][-]{section.2.5}{Resultados}{chapter.2}% 45
\BOOKMARK [2][-]{subsection.2.5.1}{El interior de COX 1 est\341 enriquecido en posiciones invariantes, pero \351stas se distribuyen aleatoriamente a lo largo de toda la estructura primaria de citocromo b}{section.2.5}% 46
\BOOKMARK [2][-]{subsection.2.5.2}{El interior de COX 1, pero no el de citocromo b, exhibe una entrop\355a de Shannon por debajo de lo justificable por el azar}{section.2.5}% 47
\BOOKMARK [2][-]{subsection.2.5.3}{Las posiciones no constre\361idas se distribuyen aleatoriamente a lo largo de citocromo b, pero son selectivamente excluidas del interior de COX 1}{section.2.5}% 48
\BOOKMARK [2][-]{subsection.2.5.4}{El gen de COX 1 est\341 sujeto tanto a una presi\363n selectiva como a una selecci\363n purificadora mayores que las del gen de citocromo b}{section.2.5}% 49
\BOOKMARK [2][-]{subsection.2.5.5}{La estabilidad termodin\341mica puede dar cuenta del comportamiento diferencial de COX 1 y citocromo b}{section.2.5}% 50
\BOOKMARK [1][-]{section.2.6}{Discusi\363n}{chapter.2}% 51
\BOOKMARK [2][-]{subsection.2.6.1}{Existen diferencias en la din\341mica evolutiva de citocromo b y COX 1}{section.2.6}% 52
\BOOKMARK [2][-]{subsection.2.6.2}{La presi\363n mutacional es mayor sobre COX 1 que sobre citocromo b}{section.2.6}% 53
\BOOKMARK [2][-]{subsection.2.6.3}{Las diferencias entre la evoluci\363n de citocromo b y COX 1 adquiere mayor relevancia en procesos post-transcripcionales}{section.2.6}% 54
\BOOKMARK [2][-]{subsection.2.6.4}{La estabilidad termodin\341mica est\341 estrechamente relacionada con la din\341mica evolutiva de citocromo b y COX 1}{section.2.6}% 55
\BOOKMARK [2][-]{subsection.2.6.5}{La influencia de los complejos completos sobre la din\341mica evolutiva de sendas subunidades difiere entre citocromo b y COX 1}{section.2.6}% 56
\BOOKMARK [1][-]{section.2.7}{Conclusiones}{chapter.2}% 57
\BOOKMARK [0][-]{chapter.3}{Evoluci\363n de residuos implicados en contactos intermoleculares}{}% 58
\BOOKMARK [1][-]{section.3.1}{Resumen}{chapter.3}% 59
\BOOKMARK [1][-]{section.3.2}{Introducci\363n}{chapter.3}% 60
\BOOKMARK [1][-]{section.3.3}{Objetivos}{chapter.3}% 61
\BOOKMARK [1][-]{section.3.4}{Material y m\351todos}{chapter.3}% 62
\BOOKMARK [2][-]{subsection.3.4.1}{Datos}{section.3.4}% 63
\BOOKMARK [2][-]{subsection.3.4.2}{Dise\361o e implementaci\363n del modelo de estudio}{section.3.4}% 64
\BOOKMARK [2][-]{subsection.3.4.3}{Caracterizaci\363n estructural de los residuos}{section.3.4}% 65
\BOOKMARK [2][-]{subsection.3.4.4}{Caracterizaci\363n evolutiva de la subunidades}{section.3.4}% 66
\BOOKMARK [2][-]{subsection.3.4.5}{Cambios en la estabilidad termodin\341mica \(G\)}{section.3.4}% 67
\BOOKMARK [1][-]{section.3.5}{Resultados}{chapter.3}% 68
\BOOKMARK [2][-]{subsection.3.5.1}{Comparativa entre los dos modelos de estudio}{section.3.5}% 69
\BOOKMARK [2][-]{subsection.3.5.2}{Comportamiento evolutivo de las distintas regiones de las cadenas codificadas por mtDNA}{section.3.5}% 70
\BOOKMARK [2][-]{subsection.3.5.3}{Tasas de interacci\363n de subunidades codificadas por mtDNA}{section.3.5}% 71
\BOOKMARK [2][-]{subsection.3.5.4}{La estabilidad termodin\341mica no explica las diferencias entre el comportamiento evolutivo de los residuos en contacto con cadenas mitocondriales y nucleares}{section.3.5}% 72
\BOOKMARK [2][-]{subsection.3.5.5}{Los residuos expuestos y libres de COX 1 se encuentran excepcionalmente conservados}{section.3.5}% 73
\BOOKMARK [2][-]{subsection.3.5.6}{Existe correlaci\363n entre G y dN}{section.3.5}% 74
\BOOKMARK [2][-]{subsection.3.5.7}{Relevancia de los residuos funcionales de COX 1 en su din\341mica evolutiva}{section.3.5}% 75
\BOOKMARK [2][-]{subsection.3.5.8}{Tasas de interacci\363n de las cadenas codificadas por nDNA}{section.3.5}% 76
\BOOKMARK [2][-]{subsection.3.5.9}{Correlaci\363n entre la edad de las prote\355nas y el valor de d}{section.3.5}% 77
\BOOKMARK [1][-]{section.3.6}{Discusi\363n}{chapter.3}% 78
\BOOKMARK [2][-]{subsection.3.6.1}{Comparaci\363n de los dos modelos de c\341lculo de tasas de interacci\363n}{section.3.6}% 79
\BOOKMARK [2][-]{subsection.3.6.2}{\277Por qu\351 los residuos expuestos y libres de COX 1 est\341n tan conservados?}{section.3.6}% 80
\BOOKMARK [2][-]{subsection.3.6.3}{Comportamiento diferencial entre interacciones j\363venes y antiguas}{section.3.6}% 81
\BOOKMARK [2][-]{subsection.3.6.4}{Comportamiento evolutivo de las subunidades codificadas por nDNA}{section.3.6}% 82
\BOOKMARK [1][-]{section.3.7}{Conclusiones}{chapter.3}% 83
\BOOKMARK [0][-]{appendix.A}{Mecom \(Molecular Evolution of protein COMplexes\)}{}% 84
\BOOKMARK [1][-]{section.A.1}{Introducci\363n}{appendix.A}% 85
\BOOKMARK [1][-]{section.A.2}{Implementaci\363n}{appendix.A}% 86
\BOOKMARK [2][-]{subsection.A.2.1}{M\363dulo Mecom::Contact}{section.A.2}% 87
\BOOKMARK [2][-]{subsection.A.2.2}{M\363dulo Mecom::Surface}{section.A.2}% 88
\BOOKMARK [2][-]{subsection.A.2.3}{M\363dulo Mecom::Subsets}{section.A.2}% 89
\BOOKMARK [2][-]{subsection.A.2.4}{M\363dulo Mecom::Align::Subset}{section.A.2}% 90
\BOOKMARK [2][-]{subsection.A.2.5}{M\363dulo Mecom::EasyYang}{section.A.2}% 91
\BOOKMARK [2][-]{subsection.A.2.6}{M\363dulo Mecom::Statistics::RatioVariance}{section.A.2}% 92
\BOOKMARK [2][-]{subsection.A.2.7}{M\363dulo Mecom::Report}{section.A.2}% 93
\BOOKMARK [2][-]{subsection.A.2.8}{M\363dulos Mecom y Mecom::Config}{section.A.2}% 94
\BOOKMARK [1][-]{section.A.3}{Dependencias}{appendix.A}% 95
\BOOKMARK [1][-]{section.A.4}{Distribuci\363n e Instalaci\363n}{appendix.A}% 96
\BOOKMARK [2][-]{subsection.A.4.1}{Instalaci\363n mediante CPAN}{section.A.4}% 97
\BOOKMARK [1][-]{section.A.5}{Ejemplo de uso}{appendix.A}% 98
\BOOKMARK [1][-]{section.A.6}{Desarrollo colaborativo}{appendix.A}% 99
\BOOKMARK [0][-]{appendix.B}{Modelos de barajado de secuencias}{}% 100
\BOOKMARK [0][-]{appendix.C}{An\341lisis de selecci\363n positiva en prote\355nas codificadas por nDNA}{}% 101
\BOOKMARK [0][-]{appendix.D}{C\341lculo de las tasas de sustituciones de mtDNA}{}% 102
\BOOKMARK [0][-]{appendix.E}{Publicaciones}{}% 103
\BOOKMARK [1][-]{section.E.1}{Publicaci\363n del cap\355tulo 1}{appendix.E}% 104
\BOOKMARK [1][-]{section.E.2}{Publicaci\363n del cap\355tulo 2}{appendix.E}% 105
\BOOKMARK [1][-]{section.E.3}{Publicaci\363n del cap\355tulo 3}{appendix.E}% 106
\BOOKMARK [0][-]{appendix.F}{Datos}{}% 107
\BOOKMARK [1][-]{section.F.1}{Datos del cap\355tulo 1}{appendix.F}% 108
\BOOKMARK [1][-]{section.F.2}{Datos del cap\355tulo 2}{appendix.F}% 109
\BOOKMARK [1][-]{section.F.3}{Datos del cap\355tulo 3}{appendix.F}% 110
\BOOKMARK [1][-]{section.F.4}{Informaci\363n estructural}{appendix.F}% 111
\BOOKMARK [1][-]{section.F.5}{Edad de las prote\355nas del complejo IV}{appendix.F}% 112
\BOOKMARK [0][-]{appendix*.27}{Bibliograf\355a}{}% 113
